{'maxTotalPoints': 65,
 'messages': [],
 'mode': '-q',
 'parts': [{'maxPoints': 0,
            'maxSeconds': 1,
            'messages': ["File 'writeup.pdf' does not exist"],
            'name': 'writeupValid',
            'points': 0,
            'seconds': 0},
           {'maxPoints': 2,
            'maxSeconds': 1,
            'messages': [],
            'name': '3.1.1-0',
            'points': 2,
            'seconds': 0},
           {'maxPoints': 3,
            'maxSeconds': 1,
            'messages': [],
            'name': '3.1.1-1',
            'points': 3,
            'seconds': 0},
           {'maxPoints': 15,
            'maxSeconds': 1,
            'messages': ["Exception thrown: <type 'exceptions.Exception'> -- Not implemented yet",
                         '  File "grader.py", line 48, in test1b\n    V = submission.policyEvaluation(mdp, V, pi, .0001)\n',
                         '  File "/mnt/c/Users/yls/Desktop/GitHub/COMP557/assignment3/assignment3/submission.py", line 34, in policyEvaluation\n    raise Exception("Not implemented yet")\n'],
            'name': '3.1.2',
            'points': 0,
            'seconds': 0},
           {'maxPoints': 5,
            'maxSeconds': 1,
            'messages': ["Exception thrown: <type 'exceptions.Exception'> -- Not implemented yet",
                         '  File "grader.py", line 61, in test1c\n    pi = submission.computeOptimalPolicy(mdp, V)\n',
                         '  File "/mnt/c/Users/yls/Desktop/GitHub/COMP557/assignment3/assignment3/submission.py", line 47, in computeOptimalPolicy\n    raise Exception("Not implemented yet")\n'],
            'name': '3.1.3',
            'points': 0,
            'seconds': 0},
           {'maxPoints': 10,
            'maxSeconds': 1,
            'messages': ["Exception thrown: <type 'exceptions.Exception'> -- Not implemented yet",
                         '  File "grader.py", line 82, in test1d\n    testIteration(submission.PolicyIteration())\n',
                         '  File "grader.py", line 74, in testIteration\n    algorithm.solve(mdp, .0001)\n',
                         '  File "/mnt/c/Users/yls/Desktop/GitHub/COMP557/assignment3/assignment3/submission.py", line 58, in solve\n    raise Exception("Not implemented yet")\n'],
            'name': '3.1.4',
            'points': 0,
            'seconds': 0},
           {'maxPoints': 10,
            'maxSeconds': 1,
            'messages': ["Exception thrown: <type 'exceptions.Exception'> -- Not implemented yet",
                         '  File "grader.py", line 86, in test1e\n    testIteration(submission.ValueIteration())\n',
                         '  File "grader.py", line 74, in testIteration\n    algorithm.solve(mdp, .0001)\n',
                         '  File "/mnt/c/Users/yls/Desktop/GitHub/COMP557/assignment3/assignment3/submission.py", line 70, in solve\n    raise Exception("Not implemented yet")\n'],
            'name': '3.1.5',
            'points': 0,
            'seconds': 0},
           {'maxPoints': 15,
            'maxSeconds': 1,
            'messages': ["Exception thrown: <type 'exceptions.Exception'> -- Not implemented yet",
                         '  File "grader.py", line 113, in test2a\n    mdp.succAndProbReward(state, action)):\n',
                         '  File "/mnt/c/Users/yls/Desktop/GitHub/COMP557/assignment3/assignment3/submission.py", line 150, in succAndProbReward\n    raise Exception("Not implemented yet")\n'],
            'name': '3.2.1',
            'points': 0,
            'seconds': 0},
           {'maxPoints': 5,
            'maxSeconds': 1,
            'messages': ["Exception thrown: <type 'exceptions.Exception'> -- Not implemented yet",
                         '  File "grader.py", line 118, in test2b\n    mdp = submission.peekingMDP()\n',
                         '  File "/mnt/c/Users/yls/Desktop/GitHub/COMP557/assignment3/assignment3/submission.py", line 165, in peekingMDP\n    raise Exception("Not implemented yet")\n'],
            'name': '3.2.2',
            'points': 0,
            'seconds': 0}],
 'totalPoints': 5}
